# JRE version: OpenJDK Runtime Environment (11.0.5+10) (build 11.0.5+10-b520.17)
# Java VM: OpenJDK 64-Bit Server VM (11.0.5+10-b520.17, mixed mode, tiered, compressed oops, concurrent mark sweep gc, linux-amd64)
Heap:
 par new generation   total 39296K, used 21476K [0x00000000d1200000, 0x00000000d3ca0000, 0x00000000e0b90000)
  eden space 34944K,  57% used [0x00000000d1200000, 0x00000000d25a7ad8, 0x00000000d3420000)
  from space 4352K,  31% used [0x00000000d3420000, 0x00000000d3571880, 0x00000000d3860000)
  to   space 4352K,   0% used [0x00000000d3860000, 0x00000000d3860000, 0x00000000d3ca0000)
 concurrent mark-sweep generation total 143780K, used 117286K [0x00000000e0b90000, 0x00000000e97f9000, 0x0000000100000000)
 Metaspace       used 168517K, capacity 174127K, committed 174448K, reserved 1202176K
  class space    used 20191K, capacity 22495K, committed 22600K, reserved 1048576K
GC Heap History (20 events):
Event: 31948.660 GC heap before
{Heap before GC invocations=86 (full 4):
 par new generation   total 39296K, used 35989K [0x00000000d1200000, 0x00000000d3ca0000, 0x00000000e0b90000)
  eden space 34944K,  99% used [0x00000000d1200000, 0x00000000d341fff0, 0x00000000d3420000)
  from space 4352K,  24% used [0x00000000d3420000, 0x00000000d3525450, 0x00000000d3860000)
  to   space 4352K,   0% used [0x00000000d3860000, 0x00000000d3860000, 0x00000000d3ca0000)
 concurrent mark-sweep generation total 143780K, used 114889K [0x00000000e0b90000, 0x00000000e97f9000, 0x0000000100000000)
 Metaspace       used 166392K, capacity 171747K, committed 172016K, reserved 1200128K
  class space    used 19897K, capacity 22089K, committed 22216K, reserved 1048576K
}
Event: 31948.662 GC heap after
{Heap after GC invocations=87 (full 4):
 par new generation   total 39296K, used 1237K [0x00000000d1200000, 0x00000000d3ca0000, 0x00000000e0b90000)
  eden space 34944K,   0% used [0x00000000d1200000, 0x00000000d1200000, 0x00000000d3420000)
  from space 4352K,  28% used [0x00000000d3860000, 0x00000000d3995420, 0x00000000d3ca0000)
  to   space 4352K,   0% used [0x00000000d3420000, 0x00000000d3420000, 0x00000000d3860000)
 concurrent mark-sweep generation total 143780K, used 114898K [0x00000000e0b90000, 0x00000000e97f9000, 0x0000000100000000)
 Metaspace       used 166392K, capacity 171747K, committed 172016K, reserved 1200128K
  class space    used 19897K, capacity 22089K, committed 22216K, reserved 1048576K
}
Event: 31948.859 GC heap before
{Heap before GC invocations=87 (full 4):
 par new generation   total 39296K, used 36181K [0x00000000d1200000, 0x00000000d3ca0000, 0x00000000e0b90000)
  eden space 34944K, 100% used [0x00000000d1200000, 0x00000000d3420000, 0x00000000d3420000)
  from space 4352K,  28% used [0x00000000d3860000, 0x00000000d3995420, 0x00000000d3ca0000)
  to   space 4352K,   0% used [0x00000000d3420000, 0x00000000d3420000, 0x00000000d3860000)
 concurrent mark-sweep generation total 143780K, used 114898K [0x00000000e0b90000, 0x00000000e97f9000, 0x0000000100000000)
 Metaspace       used 166396K, capacity 171748K, committed 172016K, reserved 1200128K
  class space    used 19897K, capacity 22089K, committed 22216K, reserved 1048576K
}
Event: 31948.861 GC heap after
{Heap after GC invocations=88 (full 4):
 par new generation   total 39296K, used 1767K [0x00000000d1200000, 0x00000000d3ca0000, 0x00000000e0b90000)
  eden space 34944K,   0% used [0x00000000d1200000, 0x00000000d1200000, 0x00000000d3420000)
  from space 4352K,  40% used [0x00000000d3420000, 0x00000000d35d9f00, 0x00000000d3860000)
  to   space 4352K,   0% used [0x00000000d3860000, 0x00000000d3860000, 0x00000000d3ca0000)
 concurrent mark-sweep generation total 143780K, used 114902K [0x00000000e0b90000, 0x00000000e97f9000, 0x0000000100000000)
 Metaspace       used 166396K, capacity 171748K, committed 172016K, reserved 1200128K
  class space    used 19897K, capacity 22089K, committed 22216K, reserved 1048576K
}
Event: 31956.147 GC heap before
{Heap before GC invocations=88 (full 4):
 par new generation   total 39296K, used 36711K [0x00000000d1200000, 0x00000000d3ca0000, 0x00000000e0b90000)
  eden space 34944K, 100% used [0x00000000d1200000, 0x00000000d3420000, 0x00000000d3420000)
  from space 4352K,  40% used [0x00000000d3420000, 0x00000000d35d9f00, 0x00000000d3860000)
  to   space 4352K,   0% used [0x00000000d3860000, 0x00000000d3860000, 0x00000000d3ca0000)
 concurrent mark-sweep generation total 143780K, used 114902K [0x00000000e0b90000, 0x00000000e97f9000, 0x0000000100000000)
 Metaspace       used 168008K, capacity 173591K, committed 173808K, reserved 1202176K
  class space    used 20143K, capacity 22427K, committed 22472K, reserved 1048576K
}
Event: 31956.168 GC heap after
{Heap after GC invocations=89 (full 4):
 par new generation   total 39296K, used 2850K [0x00000000d1200000, 0x00000000d3ca0000, 0x00000000e0b90000)
  eden space 34944K,   0% used [0x00000000d1200000, 0x00000000d1200000, 0x00000000d3420000)
  from space 4352K,  65% used [0x00000000d3860000, 0x00000000d3b28930, 0x00000000d3ca0000)
  to   space 4352K,   0% used [0x00000000d3420000, 0x00000000d3420000, 0x00000000d3860000)
 concurrent mark-sweep generation total 143780K, used 114902K [0x00000000e0b90000, 0x00000000e97f9000, 0x0000000100000000)
 Metaspace       used 168008K, capacity 173591K, committed 173808K, reserved 1202176K
  class space    used 20143K, capacity 22427K, committed 22472K, reserved 1048576K
}
Event: 31956.415 GC heap before
{Heap before GC invocations=89 (full 4):
 par new generation   total 39296K, used 37794K [0x00000000d1200000, 0x00000000d3ca0000, 0x00000000e0b90000)
  eden space 34944K, 100% used [0x00000000d1200000, 0x00000000d3420000, 0x00000000d3420000)
  from space 4352K,  65% used [0x00000000d3860000, 0x00000000d3b28930, 0x00000000d3ca0000)
  to   space 4352K,   0% used [0x00000000d3420000, 0x00000000d3420000, 0x00000000d3860000)
 concurrent mark-sweep generation total 143780K, used 114902K [0x00000000e0b90000, 0x00000000e97f9000, 0x0000000100000000)
 Metaspace       used 168012K, capacity 173591K, committed 173808K, reserved 1202176K
  class space    used 20143K, capacity 22427K, committed 22472K, reserved 1048576K
}
Event: 31956.427 GC heap after
{Heap after GC invocations=90 (full 4):
 par new generation   total 39296K, used 2868K [0x00000000d1200000, 0x00000000d3ca0000, 0x00000000e0b90000)
  eden space 34944K,   0% used [0x00000000d1200000, 0x00000000d1200000, 0x00000000d3420000)
  from space 4352K,  65% used [0x00000000d3420000, 0x00000000d36ed2c0, 0x00000000d3860000)
  to   space 4352K,   0% used [0x00000000d3860000, 0x00000000d3860000, 0x00000000d3ca0000)
 concurrent mark-sweep generation total 143780K, used 115610K [0x00000000e0b90000, 0x00000000e97f9000, 0x0000000100000000)
 Metaspace       used 168012K, capacity 173591K, committed 173808K, reserved 1202176K
  class space    used 20143K, capacity 22427K, committed 22472K, reserved 1048576K
}
Event: 31958.210 GC heap before
{Heap before GC invocations=90 (full 4):
 par new generation   total 39296K, used 37742K [0x00000000d1200000, 0x00000000d3ca0000, 0x00000000e0b90000)
  eden space 34944K,  99% used [0x00000000d1200000, 0x00000000d340e628, 0x00000000d3420000)
  from space 4352K,  65% used [0x00000000d3420000, 0x00000000d36ed2c0, 0x00000000d3860000)
  to   space 4352K,   0% used [0x00000000d3860000, 0x00000000d3860000, 0x00000000d3ca0000)
 concurrent mark-sweep generation total 143780K, used 115610K [0x00000000e0b90000, 0x00000000e97f9000, 0x0000000100000000)
 Metaspace       used 168020K, capacity 173591K, committed 173808K, reserved 1202176K
  class space    used 20143K, capacity 22427K, committed 22472K, reserved 1048576K
}
Event: 31958.214 GC heap after
{Heap after GC invocations=91 (full 4):
 par new generation   total 39296K, used 2883K [0x00000000d1200000, 0x00000000d3ca0000, 0x00000000e0b90000)
  eden space 34944K,   0% used [0x00000000d1200000, 0x00000000d1200000, 0x00000000d3420000)
  from space 4352K,  66% used [0x00000000d3860000, 0x00000000d3b30ef0, 0x00000000d3ca0000)
  to   space 4352K,   0% used [0x00000000d3420000, 0x00000000d3420000, 0x00000000d3860000)
 concurrent mark-sweep generation total 143780K, used 115610K [0x00000000e0b90000, 0x00000000e97f9000, 0x0000000100000000)
 Metaspace       used 168020K, capacity 173591K, committed 173808K, reserved 1202176K
  class space    used 20143K, capacity 22427K, committed 22472K, reserved 1048576K
}
Event: 35834.203 GC heap before
{Heap before GC invocations=91 (full 4):
 par new generation   total 39296K, used 37827K [0x00000000d1200000, 0x00000000d3ca0000, 0x00000000e0b90000)
  eden space 34944K, 100% used [0x00000000d1200000, 0x00000000d3420000, 0x00000000d3420000)
  from space 4352K,  66% used [0x00000000d3860000, 0x00000000d3b30ef0, 0x00000000d3ca0000)
  to   space 4352K,   0% used [0x00000000d3420000, 0x00000000d3420000, 0x00000000d3860000)
 concurrent mark-sweep generation total 143780K, used 115610K [0x00000000e0b90000, 0x00000000e97f9000, 0x0000000100000000)
 Metaspace       used 168065K, capacity 173659K, committed 173808K, reserved 1202176K
  class space    used 20144K, capacity 22428K, committed 22472K, reserved 1048576K
}
Event: 35834.226 GC heap after
{Heap after GC invocations=92 (full 4):
 par new generation   total 39296K, used 3244K [0x00000000d1200000, 0x00000000d3ca0000, 0x00000000e0b90000)
  eden space 34944K,   0% used [0x00000000d1200000, 0x00000000d1200000, 0x00000000d3420000)
  from space 4352K,  74% used [0x00000000d3420000, 0x00000000d374b338, 0x00000000d3860000)
  to   space 4352K,   0% used [0x00000000d3860000, 0x00000000d3860000, 0x00000000d3ca0000)
 concurrent mark-sweep generation total 143780K, used 115613K [0x00000000e0b90000, 0x00000000e97f9000, 0x0000000100000000)
 Metaspace       used 168065K, capacity 173659K, committed 173808K, reserved 1202176K
  class space    used 20144K, capacity 22428K, committed 22472K, reserved 1048576K
}
Event: 35835.901 GC heap before
{Heap before GC invocations=92 (full 4):
 par new generation   total 39296K, used 38188K [0x00000000d1200000, 0x00000000d3ca0000, 0x00000000e0b90000)
  eden space 34944K, 100% used [0x00000000d1200000, 0x00000000d3420000, 0x00000000d3420000)
  from space 4352K,  74% used [0x00000000d3420000, 0x00000000d374b338, 0x00000000d3860000)
  to   space 4352K,   0% used [0x00000000d3860000, 0x00000000d3860000, 0x00000000d3ca0000)
 concurrent mark-sweep generation total 143780K, used 115613K [0x00000000e0b90000, 0x00000000e97f9000, 0x0000000100000000)
 Metaspace       used 168070K, capacity 173660K, committed 173808K, reserved 1202176K
  class space    used 20144K, capacity 22428K, committed 22472K, reserved 1048576K
}
Event: 35835.932 GC heap after
{Heap after GC invocations=93 (full 4):
 par new generation   total 39296K, used 2910K [0x00000000d1200000, 0x00000000d3ca0000, 0x00000000e0b90000)
  eden space 34944K,   0% used [0x00000000d1200000, 0x00000000d1200000, 0x00000000d3420000)
  from space 4352K,  66% used [0x00000000d3860000, 0x00000000d3b37b60, 0x00000000d3ca0000)
  to   space 4352K,   0% used [0x00000000d3420000, 0x00000000d3420000, 0x00000000d3860000)
 concurrent mark-sweep generation total 143780K, used 117283K [0x00000000e0b90000, 0x00000000e97f9000, 0x0000000100000000)
 Metaspace       used 168070K, capacity 173660K, committed 173808K, reserved 1202176K
  class space    used 20144K, capacity 22428K, committed 22472K, reserved 1048576K
}
Event: 35839.628 GC heap before
{Heap before GC invocations=93 (full 4):
 par new generation   total 39296K, used 37854K [0x00000000d1200000, 0x00000000d3ca0000, 0x00000000e0b90000)
  eden space 34944K, 100% used [0x00000000d1200000, 0x00000000d3420000, 0x00000000d3420000)
  from space 4352K,  66% used [0x00000000d3860000, 0x00000000d3b37b60, 0x00000000d3ca0000)
  to   space 4352K,   0% used [0x00000000d3420000, 0x00000000d3420000, 0x00000000d3860000)
 concurrent mark-sweep generation total 143780K, used 117283K [0x00000000e0b90000, 0x00000000e97f9000, 0x0000000100000000)
 Metaspace       used 168310K, capacity 173890K, committed 174192K, reserved 1202176K
  class space    used 20174K, capacity 22481K, committed 22600K, reserved 1048576K
}
Event: 35839.633 GC heap after
{Heap after GC invocations=94 (full 4):
 par new generation   total 39296K, used 2103K [0x00000000d1200000, 0x00000000d3ca0000, 0x00000000e0b90000)
  eden space 34944K,   0% used [0x00000000d1200000, 0x00000000d1200000, 0x00000000d3420000)
  from space 4352K,  48% used [0x00000000d3420000, 0x00000000d362ddc0, 0x00000000d3860000)
  to   space 4352K,   0% used [0x00000000d3860000, 0x00000000d3860000, 0x00000000d3ca0000)
 concurrent mark-sweep generation total 143780K, used 117283K [0x00000000e0b90000, 0x00000000e97f9000, 0x0000000100000000)
 Metaspace       used 168310K, capacity 173890K, committed 174192K, reserved 1202176K
  class space    used 20174K, capacity 22481K, committed 22600K, reserved 1048576K
}
Event: 35857.590 GC heap before
{Heap before GC invocations=94 (full 4):
 par new generation   total 39296K, used 37047K [0x00000000d1200000, 0x00000000d3ca0000, 0x00000000e0b90000)
  eden space 34944K, 100% used [0x00000000d1200000, 0x00000000d3420000, 0x00000000d3420000)
  from space 4352K,  48% used [0x00000000d3420000, 0x00000000d362ddc0, 0x00000000d3860000)
  to   space 4352K,   0% used [0x00000000d3860000, 0x00000000d3860000, 0x00000000d3ca0000)
 concurrent mark-sweep generation total 143780K, used 117283K [0x00000000e0b90000, 0x00000000e97f9000, 0x0000000100000000)
 Metaspace       used 168397K, capacity 173967K, committed 174192K, reserved 1202176K
  class space    used 20180K, capacity 22485K, committed 22600K, reserved 1048576K
}
Event: 35857.593 GC heap after
{Heap after GC invocations=95 (full 4):
 par new generation   total 39296K, used 1405K [0x00000000d1200000, 0x00000000d3ca0000, 0x00000000e0b90000)
  eden space 34944K,   0% used [0x00000000d1200000, 0x00000000d1200000, 0x00000000d3420000)
  from space 4352K,  32% used [0x00000000d3860000, 0x00000000d39bf678, 0x00000000d3ca0000)
  to   space 4352K,   0% used [0x00000000d3420000, 0x00000000d3420000, 0x00000000d3860000)
 concurrent mark-sweep generation total 143780K, used 117283K [0x00000000e0b90000, 0x00000000e97f9000, 0x0000000100000000)
 Metaspace       used 168397K, capacity 173967K, committed 174192K, reserved 1202176K
  class space    used 20180K, capacity 22485K, committed 22600K, reserved 1048576K
}
Event: 36527.013 GC heap before
{Heap before GC invocations=95 (full 4):
 par new generation   total 39296K, used 36349K [0x00000000d1200000, 0x00000000d3ca0000, 0x00000000e0b90000)
  eden space 34944K, 100% used [0x00000000d1200000, 0x00000000d3420000, 0x00000000d3420000)
  from space 4352K,  32% used [0x00000000d3860000, 0x00000000d39bf678, 0x00000000d3ca0000)
  to   space 4352K,   0% used [0x00000000d3420000, 0x00000000d3420000, 0x00000000d3860000)
 concurrent mark-sweep generation total 143780K, used 117283K [0x00000000e0b90000, 0x00000000e97f9000, 0x0000000100000000)
 Metaspace       used 168422K, capacity 174031K, committed 174192K, reserved 1202176K
  class space    used 20180K, capacity 22485K, committed 22600K, reserved 1048576K
}
Event: 36527.016 GC heap after
{Heap after GC invocations=96 (full 4):
 par new generation   total 39296K, used 1350K [0x00000000d1200000, 0x00000000d3ca0000, 0x00000000e0b90000)
  eden space 34944K,   0% used [0x00000000d1200000, 0x00000000d1200000, 0x00000000d3420000)
  from space 4352K,  31% used [0x00000000d3420000, 0x00000000d3571880, 0x00000000d3860000)
  to   space 4352K,   0% used [0x00000000d3860000, 0x00000000d3860000, 0x00000000d3ca0000)
 concurrent mark-sweep generation total 143780K, used 117286K [0x00000000e0b90000, 0x00000000e97f9000, 0x0000000100000000)
 Metaspace       used 168422K, capacity 174031K, committed 174192K, reserved 1202176K
  class space    used 20180K, capacity 22485K, committed 22600K, reserved 1048576K
}

